<?xml version="1.0" encoding="UTF-8"?>
<!-- Generated by org.testng.reporters.JUnitXMLReporter -->
<testsuite hostname="EPBYMINW7576" ignored="1" tests="2" failures="0" timestamp="11 Mar 2019 12:35:14 GMT" time="90.882" errors="0">
  <testcase name="testIsFilledFormCorrect" time="0.889" classname="TestClass"/>
  <testcase name="testTotalEstimatedCost" time="0.104" classname="TestClass"/>
  <testcase name="testGettingCalculationsOnEmail" time="0.0" classname="TestClass">
    <ignored/>
  </testcase> <!-- testGettingCalculationsOnEmail -->
</testsuite>
